2022-05-17 10:31:04,284 DEBUG [main] cmn.PConnection   (PConnection.java:35)     - SQLException : 로케일을 인식할 수 없습니다.
2022-05-17 10:31:04,297 DEBUG [main] board.BoardDao    (BoardDao.java:347)     - query : 
 DELETE FROM BOARD 
 WHERE SEQ = ?     

2022-05-17 10:31:04,297 DEBUG [main] board.BoardDao    (BoardDao.java:348)     - param : BoardVO [seq=900016, title=제목_900016, contents=내용_900016, readCnt=0, regDt=, regId=pcwk, modDt=, modId=pcwk, toString()=DTO [no=0]]
2022-05-17 11:49:23,971 DEBUG [main] cmn.PConnection   (PConnection.java:35)     - SQLException : 로케일을 인식할 수 없습니다.
2022-05-17 11:49:23,979 DEBUG [main] board.BoardDao    (BoardDao.java:192)     - query : 
 SELECT A.SEQ,                                     
        A.RNUM AS NUM,                             
        A.TITLE,                                   
        A.READ_CNT,                                
        TO_CHAR(A.MOD_DT, 'YYYY/MM/DD') AS MOD_DT, 
        A.MOD_ID                                   
 FROM(                                             
     SELECT ROWNUM AS RNUM, T1.*                   
     FROM (                                        
         SELECT *                                  
         FROM BOARD                                
WHERE seq LIKE ? || '%'         ORDER BY MOD_DT DESC                      
     )T1                                           
     WHERE ROWNUM <= (? * (? - 1) + ?)             
 )A                                                
 WHERE RNUM >= (? * (? - 1) + 1)                   

2022-05-17 11:49:23,979 DEBUG [main] board.BoardDao    (BoardDao.java:193)     - param : SearchVO [searchDiv=10, searchWord=77, pageSize=30, pageNum=1, toString()=DTO [no=0]]
2022-05-17 11:49:58,086 DEBUG [main] cmn.PConnection   (PConnection.java:35)     - SQLException : 로케일을 인식할 수 없습니다.
2022-05-17 11:49:58,091 DEBUG [main] board.BoardDao    (BoardDao.java:192)     - query : 
 SELECT A.SEQ,                                     
        A.RNUM AS NUM,                             
        A.TITLE,                                   
        A.READ_CNT,                                
        TO_CHAR(A.MOD_DT, 'YYYY/MM/DD') AS MOD_DT, 
        A.MOD_ID                                   
 FROM(                                             
     SELECT ROWNUM AS RNUM, T1.*                   
     FROM (                                        
         SELECT *                                  
         FROM BOARD                                
WHERE seq LIKE ? || '%'         ORDER BY MOD_DT DESC                      
     )T1                                           
     WHERE ROWNUM <= (? * (? - 1) + ?)             
 )A                                                
 WHERE RNUM >= (? * (? - 1) + 1)                   

2022-05-17 11:49:58,091 DEBUG [main] board.BoardDao    (BoardDao.java:193)     - param : SearchVO [searchDiv=10, searchWord=77, pageSize=30, pageNum=1, toString()=DTO [no=0]]
2022-05-17 11:53:54,387 DEBUG [main] cmn.PConnection   (PConnection.java:35)     - SQLException : 로케일을 인식할 수 없습니다.
2022-05-17 11:53:54,393 DEBUG [main] board.BoardDao    (BoardDao.java:192)     - query : 
 SELECT A.SEQ,                                     
        A.RNUM AS NUM,                             
        A.TITLE,                                   
        A.READ_CNT,                                
        TO_CHAR(A.MOD_DT, 'YYYY/MM/DD') AS MOD_DT, 
        A.MOD_ID                                   
 FROM(                                             
     SELECT ROWNUM AS RNUM, T1.*                   
     FROM (                                        
         SELECT *                                  
         FROM BOARD                                
WHERE seq LIKE ? || '%'         ORDER BY MOD_DT DESC                      
     )T1                                           
     WHERE ROWNUM <= (? * (? - 1) + ?)             
 )A                                                
 WHERE RNUM >= (? * (? - 1) + 1)                   

2022-05-17 11:53:54,393 DEBUG [main] board.BoardDao    (BoardDao.java:193)     - param : SearchVO [searchDiv=10, searchWord=77, pageSize=30, pageNum=1, toString()=DTO [no=0]]
2022-05-17 12:00:37,883 DEBUG [main] cmn.PConnection   (PConnection.java:35)     - SQLException : 로케일을 인식할 수 없습니다.
2022-05-17 12:00:37,886 DEBUG [main] board.BoardDao    (BoardDao.java:192)     - query : 
 SELECT A.SEQ,                                     
        A.RNUM AS NUM,                             
        A.TITLE,                                   
        A.READ_CNT,                                
        TO_CHAR(A.MOD_DT, 'YYYY/MM/DD') AS MOD_DT, 
        A.MOD_ID                                   
 FROM(                                             
     SELECT ROWNUM AS RNUM, T1.*                   
     FROM (                                        
         SELECT *                                  
         FROM BOARD                                
WHERE seq LIKE ? || '%'         ORDER BY MOD_DT DESC                      
     )T1                                           
     WHERE ROWNUM <= (? * (? - 1) + ?)             
 )A                                                
 WHERE RNUM >= (? * (? - 1) + 1)                   

2022-05-17 12:00:37,886 DEBUG [main] board.BoardDao    (BoardDao.java:193)     - param : SearchVO [searchDiv=10, searchWord=77, pageSize=30, pageNum=1, toString()=DTO [no=0]]
2022-05-17 12:01:24,143 DEBUG [main] cmn.PConnection   (PConnection.java:29)     - connection : oracle.jdbc.driver.T4CConnection@62043840
2022-05-17 12:01:24,146 DEBUG [main] board.BoardDao    (BoardDao.java:192)     - query : 
 SELECT A.SEQ,                                     
        A.RNUM AS NUM,                             
        A.TITLE,                                   
        A.READ_CNT,                                
        TO_CHAR(A.MOD_DT, 'YYYY/MM/DD') AS MOD_DT, 
        A.MOD_ID                                   
 FROM(                                             
     SELECT ROWNUM AS RNUM, T1.*                   
     FROM (                                        
         SELECT *                                  
         FROM BOARD                                
WHERE seq LIKE ? || '%'         ORDER BY MOD_DT DESC                      
     )T1                                           
     WHERE ROWNUM <= (? * (? - 1) + ?)             
 )A                                                
 WHERE RNUM >= (? * (? - 1) + 1)                   

2022-05-17 12:01:24,146 DEBUG [main] board.BoardDao    (BoardDao.java:193)     - param : SearchVO [searchDiv=10, searchWord=77, pageSize=30, pageNum=1, toString()=DTO [no=0]]
2022-05-17 12:01:25,069 DEBUG [main] cmn.JDBCUtil      (JDBCUtil.java:17)     - ResultSet 자원반납
2022-05-17 12:01:25,073 DEBUG [main] cmn.JDBCUtil      (JDBCUtil.java:29)     - PreparedStatement 자원반납
2022-05-17 12:01:25,074 DEBUG [main] cmn.JDBCUtil      (JDBCUtil.java:41)     - Connection 자원반납
2022-05-17 12:01:25,080 DEBUG [main] board.BoardMain   (BoardMain.java:123)     - vo : BoardVO [seq=7765655, title=6565, contents=null, readCnt=0, regDt=null, regId=null, modDt=2022/05/17, modId=65656, toString()=DTO [no=0]]
2022-05-17 12:01:25,081 DEBUG [main] board.BoardMain   (BoardMain.java:123)     - vo : BoardVO [seq=77, title=제목77, contents=null, readCnt=0, regDt=null, regId=null, modDt=2022/04/13, modId=ADMIN, toString()=DTO [no=0]]
2022-05-17 12:01:25,081 DEBUG [main] board.BoardMain   (BoardMain.java:123)     - vo : BoardVO [seq=770, title=제목770, contents=null, readCnt=0, regDt=null, regId=null, modDt=2022/04/13, modId=ADMIN, toString()=DTO [no=0]]
2022-05-17 12:01:25,081 DEBUG [main] board.BoardMain   (BoardMain.java:123)     - vo : BoardVO [seq=771, title=제목771, contents=null, readCnt=0, regDt=null, regId=null, modDt=2022/04/13, modId=ADMIN, toString()=DTO [no=0]]
2022-05-17 12:01:25,081 DEBUG [main] board.BoardMain   (BoardMain.java:123)     - vo : BoardVO [seq=772, title=제목772, contents=null, readCnt=0, regDt=null, regId=null, modDt=2022/04/13, modId=ADMIN, toString()=DTO [no=0]]
2022-05-17 12:01:25,081 DEBUG [main] board.BoardMain   (BoardMain.java:123)     - vo : BoardVO [seq=773, title=제목773, contents=null, readCnt=0, regDt=null, regId=null, modDt=2022/04/13, modId=ADMIN, toString()=DTO [no=0]]
2022-05-17 12:01:25,082 DEBUG [main] board.BoardMain   (BoardMain.java:123)     - vo : BoardVO [seq=774, title=제목774, contents=null, readCnt=0, regDt=null, regId=null, modDt=2022/04/13, modId=ADMIN, toString()=DTO [no=0]]
2022-05-17 12:01:25,082 DEBUG [main] board.BoardMain   (BoardMain.java:123)     - vo : BoardVO [seq=775, title=제목775, contents=null, readCnt=0, regDt=null, regId=null, modDt=2022/04/13, modId=ADMIN, toString()=DTO [no=0]]
2022-05-17 12:01:25,082 DEBUG [main] board.BoardMain   (BoardMain.java:123)     - vo : BoardVO [seq=776, title=제목776, contents=null, readCnt=0, regDt=null, regId=null, modDt=2022/04/13, modId=ADMIN, toString()=DTO [no=0]]
2022-05-17 12:01:25,082 DEBUG [main] board.BoardMain   (BoardMain.java:123)     - vo : BoardVO [seq=777, title=제목777, contents=null, readCnt=0, regDt=null, regId=null, modDt=2022/04/13, modId=ADMIN, toString()=DTO [no=0]]
2022-05-17 12:01:25,085 DEBUG [main] board.BoardMain   (BoardMain.java:123)     - vo : BoardVO [seq=778, title=제목778, contents=null, readCnt=0, regDt=null, regId=null, modDt=2022/04/13, modId=ADMIN, toString()=DTO [no=0]]
2022-05-17 12:01:25,085 DEBUG [main] board.BoardMain   (BoardMain.java:123)     - vo : BoardVO [seq=779, title=제목779, contents=null, readCnt=0, regDt=null, regId=null, modDt=2022/04/13, modId=ADMIN, toString()=DTO [no=0]]
2022-05-17 12:01:25,086 DEBUG [main] board.BoardMain   (BoardMain.java:123)     - vo : BoardVO [seq=7700, title=제목7700, contents=null, readCnt=0, regDt=null, regId=null, modDt=2022/04/11, modId=ADMIN, toString()=DTO [no=0]]
2022-05-17 12:01:25,086 DEBUG [main] board.BoardMain   (BoardMain.java:123)     - vo : BoardVO [seq=7701, title=제목7701, contents=null, readCnt=0, regDt=null, regId=null, modDt=2022/04/11, modId=ADMIN, toString()=DTO [no=0]]
2022-05-17 12:01:25,086 DEBUG [main] board.BoardMain   (BoardMain.java:123)     - vo : BoardVO [seq=7702, title=제목7702, contents=null, readCnt=0, regDt=null, regId=null, modDt=2022/04/11, modId=ADMIN, toString()=DTO [no=0]]
2022-05-17 12:01:25,086 DEBUG [main] board.BoardMain   (BoardMain.java:123)     - vo : BoardVO [seq=7703, title=제목7703, contents=null, readCnt=0, regDt=null, regId=null, modDt=2022/04/11, modId=ADMIN, toString()=DTO [no=0]]
2022-05-17 12:01:25,086 DEBUG [main] board.BoardMain   (BoardMain.java:123)     - vo : BoardVO [seq=7704, title=제목7704, contents=null, readCnt=0, regDt=null, regId=null, modDt=2022/04/11, modId=ADMIN, toString()=DTO [no=0]]
2022-05-17 12:01:25,091 DEBUG [main] board.BoardMain   (BoardMain.java:123)     - vo : BoardVO [seq=7705, title=제목7705, contents=null, readCnt=0, regDt=null, regId=null, modDt=2022/04/11, modId=ADMIN, toString()=DTO [no=0]]
2022-05-17 12:01:25,091 DEBUG [main] board.BoardMain   (BoardMain.java:123)     - vo : BoardVO [seq=7706, title=제목7706, contents=null, readCnt=0, regDt=null, regId=null, modDt=2022/04/11, modId=ADMIN, toString()=DTO [no=0]]
2022-05-17 12:01:25,091 DEBUG [main] board.BoardMain   (BoardMain.java:123)     - vo : BoardVO [seq=7707, title=제목7707, contents=null, readCnt=0, regDt=null, regId=null, modDt=2022/04/11, modId=ADMIN, toString()=DTO [no=0]]
2022-05-17 12:01:25,092 DEBUG [main] board.BoardMain   (BoardMain.java:123)     - vo : BoardVO [seq=7708, title=제목7708, contents=null, readCnt=0, regDt=null, regId=null, modDt=2022/04/11, modId=ADMIN, toString()=DTO [no=0]]
2022-05-17 12:01:25,094 DEBUG [main] board.BoardMain   (BoardMain.java:123)     - vo : BoardVO [seq=7709, title=제목7709, contents=null, readCnt=0, regDt=null, regId=null, modDt=2022/04/11, modId=ADMIN, toString()=DTO [no=0]]
2022-05-17 12:01:25,094 DEBUG [main] board.BoardMain   (BoardMain.java:123)     - vo : BoardVO [seq=7710, title=제목7710, contents=null, readCnt=0, regDt=null, regId=null, modDt=2022/04/11, modId=ADMIN, toString()=DTO [no=0]]
2022-05-17 12:01:25,094 DEBUG [main] board.BoardMain   (BoardMain.java:123)     - vo : BoardVO [seq=7711, title=제목7711, contents=null, readCnt=0, regDt=null, regId=null, modDt=2022/04/11, modId=ADMIN, toString()=DTO [no=0]]
2022-05-17 12:01:25,094 DEBUG [main] board.BoardMain   (BoardMain.java:123)     - vo : BoardVO [seq=7712, title=제목7712, contents=null, readCnt=0, regDt=null, regId=null, modDt=2022/04/11, modId=ADMIN, toString()=DTO [no=0]]
2022-05-17 12:01:25,094 DEBUG [main] board.BoardMain   (BoardMain.java:123)     - vo : BoardVO [seq=7713, title=제목7713, contents=null, readCnt=0, regDt=null, regId=null, modDt=2022/04/11, modId=ADMIN, toString()=DTO [no=0]]
2022-05-17 12:01:25,095 DEBUG [main] board.BoardMain   (BoardMain.java:123)     - vo : BoardVO [seq=7714, title=제목7714, contents=null, readCnt=0, regDt=null, regId=null, modDt=2022/04/11, modId=ADMIN, toString()=DTO [no=0]]
2022-05-17 12:01:25,095 DEBUG [main] board.BoardMain   (BoardMain.java:123)     - vo : BoardVO [seq=7715, title=제목7715, contents=null, readCnt=0, regDt=null, regId=null, modDt=2022/04/11, modId=ADMIN, toString()=DTO [no=0]]
2022-05-17 12:01:25,095 DEBUG [main] board.BoardMain   (BoardMain.java:123)     - vo : BoardVO [seq=7716, title=제목7716, contents=null, readCnt=0, regDt=null, regId=null, modDt=2022/04/11, modId=ADMIN, toString()=DTO [no=0]]
2022-05-17 12:01:25,095 DEBUG [main] board.BoardMain   (BoardMain.java:123)     - vo : BoardVO [seq=7717, title=제목7717, contents=null, readCnt=0, regDt=null, regId=null, modDt=2022/04/11, modId=ADMIN, toString()=DTO [no=0]]
2022-05-17 12:01:26,301 DEBUG [main] cmn.PConnection   (PConnection.java:29)     - connection : oracle.jdbc.driver.T4CConnection@217ed35e
2022-05-17 12:01:26,304 DEBUG [main] board.BoardDao    (BoardDao.java:61)     - query : 
  SELECT COUNT(*) totalCnt 
 FROM BOARD               
WHERE seq LIKE ? ||'%'  
2022-05-17 12:01:26,305 DEBUG [main] board.BoardDao    (BoardDao.java:62)     - param : SearchVO [searchDiv=10, searchWord=77, pageSize=30, pageNum=1, toString()=DTO [no=0]]
2022-05-17 12:01:26,533 DEBUG [main] board.BoardDao    (BoardDao.java:82)     - totalCnt : 11112
2022-05-17 12:01:26,533 DEBUG [main] cmn.JDBCUtil      (JDBCUtil.java:17)     - ResultSet 자원반납
2022-05-17 12:01:26,533 DEBUG [main] cmn.JDBCUtil      (JDBCUtil.java:29)     - PreparedStatement 자원반납
2022-05-17 12:01:26,533 DEBUG [main] cmn.JDBCUtil      (JDBCUtil.java:41)     - Connection 자원반납
2022-05-17 12:01:26,546 DEBUG [main] board.BoardMain   (BoardMain.java:135)     - -----------------------
2022-05-17 12:01:26,546 DEBUG [main] board.BoardMain   (BoardMain.java:136)     - ---- 총 글수(성공) : 11112
2022-05-17 12:01:26,546 DEBUG [main] board.BoardMain   (BoardMain.java:137)     - -----------------------
